ERROR - 2024-07-26 00:02:57 --> mysqli_sql_exception: Unknown column 'id' in 'where clause' in C:\xampp\htdocs\rep_hotel\Repositorio-Hotel\system\Database\MySQLi\Connection.php:312
Stack trace:
#0 C:\xampp\htdocs\rep_hotel\Repositorio-Hotel\system\Database\MySQLi\Connection.php(312): mysqli->query('SELECT *\nFROM `...', 0)
#1 C:\xampp\htdocs\rep_hotel\Repositorio-Hotel\system\Database\BaseConnection.php(734): CodeIgniter\Database\MySQLi\Connection->execute('SELECT *\nFROM `...')
#2 C:\xampp\htdocs\rep_hotel\Repositorio-Hotel\system\Database\BaseConnection.php(648): CodeIgniter\Database\BaseConnection->simpleQuery('SELECT *\nFROM `...')
#3 C:\xampp\htdocs\rep_hotel\Repositorio-Hotel\system\Database\BaseBuilder.php(1636): CodeIgniter\Database\BaseConnection->query('SELECT *\nFROM `...', Array, false)
#4 C:\xampp\htdocs\rep_hotel\Repositorio-Hotel\system\Model.php(330): CodeIgniter\Database\BaseBuilder->get()
#5 C:\xampp\htdocs\rep_hotel\Repositorio-Hotel\system\BaseModel.php(714): CodeIgniter\Model->doFirst()
#6 C:\xampp\htdocs\rep_hotel\Repositorio-Hotel\app\Controllers\ReservacionesController.php(26): CodeIgniter\BaseModel->first()
#7 C:\xampp\htdocs\rep_hotel\Repositorio-Hotel\system\CodeIgniter.php(933): App\Controllers\ReservacionesController->buscarReservaciones()
#8 C:\xampp\htdocs\rep_hotel\Repositorio-Hotel\system\CodeIgniter.php(509): CodeIgniter\CodeIgniter->runController(Object(App\Controllers\ReservacionesController))
#9 C:\xampp\htdocs\rep_hotel\Repositorio-Hotel\system\CodeIgniter.php(355): CodeIgniter\CodeIgniter->handleRequest(NULL, Object(Config\Cache), false)
#10 C:\xampp\htdocs\rep_hotel\Repositorio-Hotel\system\Boot.php(325): CodeIgniter\CodeIgniter->run()
#11 C:\xampp\htdocs\rep_hotel\Repositorio-Hotel\system\Boot.php(67): CodeIgniter\Boot::runCodeIgniter(Object(CodeIgniter\CodeIgniter))
#12 C:\xampp\htdocs\rep_hotel\Repositorio-Hotel\public\index.php(56): CodeIgniter\Boot::bootWeb(Object(Config\Paths))
#13 {main}
CRITICAL - 2024-07-26 00:02:57 --> CodeIgniter\Database\Exceptions\DatabaseException: Unknown column 'id' in 'where clause'
[Method: GET, Route: buscar_reservacion/9]
in SYSTEMPATH\Database\BaseConnection.php on line 688.
 1 SYSTEMPATH\Database\BaseBuilder.php(1636): CodeIgniter\Database\BaseConnection->query('SELECT *
FROM `reservaciones`
WHERE `id` IS NULL
 LIMIT 1', [], false)
 2 SYSTEMPATH\Model.php(330): CodeIgniter\Database\BaseBuilder->get()
 3 SYSTEMPATH\BaseModel.php(714): CodeIgniter\Model->doFirst()
 4 APPPATH\Controllers\ReservacionesController.php(26): CodeIgniter\BaseModel->first()
 5 SYSTEMPATH\CodeIgniter.php(933): App\Controllers\ReservacionesController->buscarReservaciones()
 6 SYSTEMPATH\CodeIgniter.php(509): CodeIgniter\CodeIgniter->runController(Object(App\Controllers\ReservacionesController))
 7 SYSTEMPATH\CodeIgniter.php(355): CodeIgniter\CodeIgniter->handleRequest(null, Object(Config\Cache), false)
 8 SYSTEMPATH\Boot.php(325): CodeIgniter\CodeIgniter->run()
 9 SYSTEMPATH\Boot.php(67): CodeIgniter\Boot::runCodeIgniter(Object(CodeIgniter\CodeIgniter))
10 FCPATH\index.php(56): CodeIgniter\Boot::bootWeb(Object(Config\Paths))
CRITICAL - 2024-07-26 00:02:57 --> [Caused by] CodeIgniter\Database\Exceptions\DatabaseException: Unknown column 'id' in 'where clause'
in SYSTEMPATH\Database\MySQLi\Connection.php on line 317.
 1 SYSTEMPATH\Database\BaseConnection.php(734): CodeIgniter\Database\MySQLi\Connection->execute('SELECT *
FROM `reservaciones`
WHERE `id` IS NULL
 LIMIT 1')
 2 SYSTEMPATH\Database\BaseConnection.php(648): CodeIgniter\Database\BaseConnection->simpleQuery('SELECT *
FROM `reservaciones`
WHERE `id` IS NULL
 LIMIT 1')
 3 SYSTEMPATH\Database\BaseBuilder.php(1636): CodeIgniter\Database\BaseConnection->query('SELECT *
FROM `reservaciones`
WHERE `id` IS NULL
 LIMIT 1', [], false)
 4 SYSTEMPATH\Model.php(330): CodeIgniter\Database\BaseBuilder->get()
 5 SYSTEMPATH\BaseModel.php(714): CodeIgniter\Model->doFirst()
 6 APPPATH\Controllers\ReservacionesController.php(26): CodeIgniter\BaseModel->first()
 7 SYSTEMPATH\CodeIgniter.php(933): App\Controllers\ReservacionesController->buscarReservaciones()
 8 SYSTEMPATH\CodeIgniter.php(509): CodeIgniter\CodeIgniter->runController(Object(App\Controllers\ReservacionesController))
 9 SYSTEMPATH\CodeIgniter.php(355): CodeIgniter\CodeIgniter->handleRequest(null, Object(Config\Cache), false)
10 SYSTEMPATH\Boot.php(325): CodeIgniter\CodeIgniter->run()
11 SYSTEMPATH\Boot.php(67): CodeIgniter\Boot::runCodeIgniter(Object(CodeIgniter\CodeIgniter))
12 FCPATH\index.php(56): CodeIgniter\Boot::bootWeb(Object(Config\Paths))
CRITICAL - 2024-07-26 00:02:57 --> [Caused by] mysqli_sql_exception: Unknown column 'id' in 'where clause'
in SYSTEMPATH\Database\MySQLi\Connection.php on line 312.
 1 SYSTEMPATH\Database\MySQLi\Connection.php(312): mysqli->query('SELECT *
FROM `reservaciones`
WHERE `id` IS NULL
 LIMIT 1', 0)
 2 SYSTEMPATH\Database\BaseConnection.php(734): CodeIgniter\Database\MySQLi\Connection->execute('SELECT *
FROM `reservaciones`
WHERE `id` IS NULL
 LIMIT 1')
 3 SYSTEMPATH\Database\BaseConnection.php(648): CodeIgniter\Database\BaseConnection->simpleQuery('SELECT *
FROM `reservaciones`
WHERE `id` IS NULL
 LIMIT 1')
 4 SYSTEMPATH\Database\BaseBuilder.php(1636): CodeIgniter\Database\BaseConnection->query('SELECT *
FROM `reservaciones`
WHERE `id` IS NULL
 LIMIT 1', [], false)
 5 SYSTEMPATH\Model.php(330): CodeIgniter\Database\BaseBuilder->get()
 6 SYSTEMPATH\BaseModel.php(714): CodeIgniter\Model->doFirst()
 7 APPPATH\Controllers\ReservacionesController.php(26): CodeIgniter\BaseModel->first()
 8 SYSTEMPATH\CodeIgniter.php(933): App\Controllers\ReservacionesController->buscarReservaciones()
 9 SYSTEMPATH\CodeIgniter.php(509): CodeIgniter\CodeIgniter->runController(Object(App\Controllers\ReservacionesController))
10 SYSTEMPATH\CodeIgniter.php(355): CodeIgniter\CodeIgniter->handleRequest(null, Object(Config\Cache), false)
11 SYSTEMPATH\Boot.php(325): CodeIgniter\CodeIgniter->run()
12 SYSTEMPATH\Boot.php(67): CodeIgniter\Boot::runCodeIgniter(Object(CodeIgniter\CodeIgniter))
13 FCPATH\index.php(56): CodeIgniter\Boot::bootWeb(Object(Config\Paths))
ERROR - 2024-07-26 00:07:13 --> mysqli_sql_exception: Cannot add or update a child row: a foreign key constraint fails (`bd_hotel`.`reservaciones`, CONSTRAINT `reservaciones_ibfk_2` FOREIGN KEY (`usuario_id`) REFERENCES `usuarios` (`usuario_id`)) in C:\xampp\htdocs\rep_hotel\Repositorio-Hotel\system\Database\MySQLi\Connection.php:312
Stack trace:
#0 C:\xampp\htdocs\rep_hotel\Repositorio-Hotel\system\Database\MySQLi\Connection.php(312): mysqli->query('UPDATE `reserva...', 0)
#1 C:\xampp\htdocs\rep_hotel\Repositorio-Hotel\system\Database\BaseConnection.php(734): CodeIgniter\Database\MySQLi\Connection->execute('UPDATE `reserva...')
#2 C:\xampp\htdocs\rep_hotel\Repositorio-Hotel\system\Database\BaseConnection.php(648): CodeIgniter\Database\BaseConnection->simpleQuery('UPDATE `reserva...')
#3 C:\xampp\htdocs\rep_hotel\Repositorio-Hotel\system\Database\BaseBuilder.php(2508): CodeIgniter\Database\BaseConnection->query('UPDATE `reserva...', Array, false)
#4 C:\xampp\htdocs\rep_hotel\Repositorio-Hotel\system\Model.php(461): CodeIgniter\Database\BaseBuilder->update()
#5 C:\xampp\htdocs\rep_hotel\Repositorio-Hotel\system\BaseModel.php(1028): CodeIgniter\Model->doUpdate(Array, Array)
#6 C:\xampp\htdocs\rep_hotel\Repositorio-Hotel\system\Model.php(865): CodeIgniter\BaseModel->update(Array, Array)
#7 C:\xampp\htdocs\rep_hotel\Repositorio-Hotel\app\Controllers\ReservacionesController.php(43): CodeIgniter\Model->update('9', Array)
#8 C:\xampp\htdocs\rep_hotel\Repositorio-Hotel\system\CodeIgniter.php(933): App\Controllers\ReservacionesController->modificarReservaciones()
#9 C:\xampp\htdocs\rep_hotel\Repositorio-Hotel\system\CodeIgniter.php(509): CodeIgniter\CodeIgniter->runController(Object(App\Controllers\ReservacionesController))
#10 C:\xampp\htdocs\rep_hotel\Repositorio-Hotel\system\CodeIgniter.php(355): CodeIgniter\CodeIgniter->handleRequest(NULL, Object(Config\Cache), false)
#11 C:\xampp\htdocs\rep_hotel\Repositorio-Hotel\system\Boot.php(325): CodeIgniter\CodeIgniter->run()
#12 C:\xampp\htdocs\rep_hotel\Repositorio-Hotel\system\Boot.php(67): CodeIgniter\Boot::runCodeIgniter(Object(CodeIgniter\CodeIgniter))
#13 C:\xampp\htdocs\rep_hotel\Repositorio-Hotel\public\index.php(56): CodeIgniter\Boot::bootWeb(Object(Config\Paths))
#14 {main}
CRITICAL - 2024-07-26 00:07:13 --> CodeIgniter\Database\Exceptions\DatabaseException: Cannot add or update a child row: a foreign key constraint fails (`bd_hotel`.`reservaciones`, CONSTRAINT `reservaciones_ibfk_2` FOREIGN KEY (`usuario_id`) REFERENCES `usuarios` (`usuario_id`))
[Method: POST, Route: modificar_hoteles]
in SYSTEMPATH\Database\BaseConnection.php on line 688.
 1 SYSTEMPATH\Database\BaseBuilder.php(2508): CodeIgniter\Database\BaseConnection->query('UPDATE `reservaciones` SET `reservacion_id` = :reservacion_id:, `fecha` = :fecha:, `cliente_id` = :cliente_id:, `hotel_id` = :hotel_id:, `descripcion` = :descripcion:, `usuario_id` = :usuario_id:
WHERE `reservaciones`.`reservacion_id` IN :reservaciones.reservacion_id:', [...], false)
 2 SYSTEMPATH\Model.php(461): CodeIgniter\Database\BaseBuilder->update()
 3 SYSTEMPATH\BaseModel.php(1028): CodeIgniter\Model->doUpdate([...], [...])
 4 SYSTEMPATH\Model.php(865): CodeIgniter\BaseModel->update([...], [...])
 5 APPPATH\Controllers\ReservacionesController.php(43): CodeIgniter\Model->update('9', [...])
 6 SYSTEMPATH\CodeIgniter.php(933): App\Controllers\ReservacionesController->modificarReservaciones()
 7 SYSTEMPATH\CodeIgniter.php(509): CodeIgniter\CodeIgniter->runController(Object(App\Controllers\ReservacionesController))
 8 SYSTEMPATH\CodeIgniter.php(355): CodeIgniter\CodeIgniter->handleRequest(null, Object(Config\Cache), false)
 9 SYSTEMPATH\Boot.php(325): CodeIgniter\CodeIgniter->run()
10 SYSTEMPATH\Boot.php(67): CodeIgniter\Boot::runCodeIgniter(Object(CodeIgniter\CodeIgniter))
11 FCPATH\index.php(56): CodeIgniter\Boot::bootWeb(Object(Config\Paths))
CRITICAL - 2024-07-26 00:07:13 --> [Caused by] CodeIgniter\Database\Exceptions\DatabaseException: Cannot add or update a child row: a foreign key constraint fails (`bd_hotel`.`reservaciones`, CONSTRAINT `reservaciones_ibfk_2` FOREIGN KEY (`usuario_id`) REFERENCES `usuarios` (`usuario_id`))
in SYSTEMPATH\Database\MySQLi\Connection.php on line 317.
 1 SYSTEMPATH\Database\BaseConnection.php(734): CodeIgniter\Database\MySQLi\Connection->execute('UPDATE `reservaciones` SET `reservacion_id` = \'9\', `fecha` = \'2019-03-24\', `cliente_id` = \'6\', `hotel_id` = \'8888\', `descripcion` = \'2 personas\', `usuario_id` = \'999\'
WHERE `reservaciones`.`reservacion_id` IN (\'9\')')
 2 SYSTEMPATH\Database\BaseConnection.php(648): CodeIgniter\Database\BaseConnection->simpleQuery('UPDATE `reservaciones` SET `reservacion_id` = \'9\', `fecha` = \'2019-03-24\', `cliente_id` = \'6\', `hotel_id` = \'8888\', `descripcion` = \'2 personas\', `usuario_id` = \'999\'
WHERE `reservaciones`.`reservacion_id` IN (\'9\')')
 3 SYSTEMPATH\Database\BaseBuilder.php(2508): CodeIgniter\Database\BaseConnection->query('UPDATE `reservaciones` SET `reservacion_id` = :reservacion_id:, `fecha` = :fecha:, `cliente_id` = :cliente_id:, `hotel_id` = :hotel_id:, `descripcion` = :descripcion:, `usuario_id` = :usuario_id:
WHERE `reservaciones`.`reservacion_id` IN :reservaciones.reservacion_id:', [...], false)
 4 SYSTEMPATH\Model.php(461): CodeIgniter\Database\BaseBuilder->update()
 5 SYSTEMPATH\BaseModel.php(1028): CodeIgniter\Model->doUpdate([...], [...])
 6 SYSTEMPATH\Model.php(865): CodeIgniter\BaseModel->update([...], [...])
 7 APPPATH\Controllers\ReservacionesController.php(43): CodeIgniter\Model->update('9', [...])
 8 SYSTEMPATH\CodeIgniter.php(933): App\Controllers\ReservacionesController->modificarReservaciones()
 9 SYSTEMPATH\CodeIgniter.php(509): CodeIgniter\CodeIgniter->runController(Object(App\Controllers\ReservacionesController))
10 SYSTEMPATH\CodeIgniter.php(355): CodeIgniter\CodeIgniter->handleRequest(null, Object(Config\Cache), false)
11 SYSTEMPATH\Boot.php(325): CodeIgniter\CodeIgniter->run()
12 SYSTEMPATH\Boot.php(67): CodeIgniter\Boot::runCodeIgniter(Object(CodeIgniter\CodeIgniter))
13 FCPATH\index.php(56): CodeIgniter\Boot::bootWeb(Object(Config\Paths))
CRITICAL - 2024-07-26 00:07:13 --> [Caused by] mysqli_sql_exception: Cannot add or update a child row: a foreign key constraint fails (`bd_hotel`.`reservaciones`, CONSTRAINT `reservaciones_ibfk_2` FOREIGN KEY (`usuario_id`) REFERENCES `usuarios` (`usuario_id`))
in SYSTEMPATH\Database\MySQLi\Connection.php on line 312.
 1 SYSTEMPATH\Database\MySQLi\Connection.php(312): mysqli->query('UPDATE `reservaciones` SET `reservacion_id` = \'9\', `fecha` = \'2019-03-24\', `cliente_id` = \'6\', `hotel_id` = \'8888\', `descripcion` = \'2 personas\', `usuario_id` = \'999\'
WHERE `reservaciones`.`reservacion_id` IN (\'9\')', 0)
 2 SYSTEMPATH\Database\BaseConnection.php(734): CodeIgniter\Database\MySQLi\Connection->execute('UPDATE `reservaciones` SET `reservacion_id` = \'9\', `fecha` = \'2019-03-24\', `cliente_id` = \'6\', `hotel_id` = \'8888\', `descripcion` = \'2 personas\', `usuario_id` = \'999\'
WHERE `reservaciones`.`reservacion_id` IN (\'9\')')
 3 SYSTEMPATH\Database\BaseConnection.php(648): CodeIgniter\Database\BaseConnection->simpleQuery('UPDATE `reservaciones` SET `reservacion_id` = \'9\', `fecha` = \'2019-03-24\', `cliente_id` = \'6\', `hotel_id` = \'8888\', `descripcion` = \'2 personas\', `usuario_id` = \'999\'
WHERE `reservaciones`.`reservacion_id` IN (\'9\')')
 4 SYSTEMPATH\Database\BaseBuilder.php(2508): CodeIgniter\Database\BaseConnection->query('UPDATE `reservaciones` SET `reservacion_id` = :reservacion_id:, `fecha` = :fecha:, `cliente_id` = :cliente_id:, `hotel_id` = :hotel_id:, `descripcion` = :descripcion:, `usuario_id` = :usuario_id:
WHERE `reservaciones`.`reservacion_id` IN :reservaciones.reservacion_id:', [...], false)
 5 SYSTEMPATH\Model.php(461): CodeIgniter\Database\BaseBuilder->update()
 6 SYSTEMPATH\BaseModel.php(1028): CodeIgniter\Model->doUpdate([...], [...])
 7 SYSTEMPATH\Model.php(865): CodeIgniter\BaseModel->update([...], [...])
 8 APPPATH\Controllers\ReservacionesController.php(43): CodeIgniter\Model->update('9', [...])
 9 SYSTEMPATH\CodeIgniter.php(933): App\Controllers\ReservacionesController->modificarReservaciones()
10 SYSTEMPATH\CodeIgniter.php(509): CodeIgniter\CodeIgniter->runController(Object(App\Controllers\ReservacionesController))
11 SYSTEMPATH\CodeIgniter.php(355): CodeIgniter\CodeIgniter->handleRequest(null, Object(Config\Cache), false)
12 SYSTEMPATH\Boot.php(325): CodeIgniter\CodeIgniter->run()
13 SYSTEMPATH\Boot.php(67): CodeIgniter\Boot::runCodeIgniter(Object(CodeIgniter\CodeIgniter))
14 FCPATH\index.php(56): CodeIgniter\Boot::bootWeb(Object(Config\Paths))
ERROR - 2024-07-26 00:12:46 --> mysqli_sql_exception: Cannot add or update a child row: a foreign key constraint fails (`bd_hotel`.`reservaciones`, CONSTRAINT `reservaciones_ibfk_4` FOREIGN KEY (`usuario_id`) REFERENCES `usuarios` (`usuario_id`) ON DELETE CASCADE ON UPDATE CASCADE) in C:\xampp\htdocs\rep_hotel\Repositorio-Hotel\system\Database\MySQLi\Connection.php:312
Stack trace:
#0 C:\xampp\htdocs\rep_hotel\Repositorio-Hotel\system\Database\MySQLi\Connection.php(312): mysqli->query('UPDATE `reserva...', 0)
#1 C:\xampp\htdocs\rep_hotel\Repositorio-Hotel\system\Database\BaseConnection.php(734): CodeIgniter\Database\MySQLi\Connection->execute('UPDATE `reserva...')
#2 C:\xampp\htdocs\rep_hotel\Repositorio-Hotel\system\Database\BaseConnection.php(648): CodeIgniter\Database\BaseConnection->simpleQuery('UPDATE `reserva...')
#3 C:\xampp\htdocs\rep_hotel\Repositorio-Hotel\system\Database\BaseBuilder.php(2508): CodeIgniter\Database\BaseConnection->query('UPDATE `reserva...', Array, false)
#4 C:\xampp\htdocs\rep_hotel\Repositorio-Hotel\system\Model.php(461): CodeIgniter\Database\BaseBuilder->update()
#5 C:\xampp\htdocs\rep_hotel\Repositorio-Hotel\system\BaseModel.php(1028): CodeIgniter\Model->doUpdate(Array, Array)
#6 C:\xampp\htdocs\rep_hotel\Repositorio-Hotel\system\Model.php(865): CodeIgniter\BaseModel->update(Array, Array)
#7 C:\xampp\htdocs\rep_hotel\Repositorio-Hotel\app\Controllers\ReservacionesController.php(43): CodeIgniter\Model->update('9', Array)
#8 C:\xampp\htdocs\rep_hotel\Repositorio-Hotel\system\CodeIgniter.php(933): App\Controllers\ReservacionesController->modificarReservaciones()
#9 C:\xampp\htdocs\rep_hotel\Repositorio-Hotel\system\CodeIgniter.php(509): CodeIgniter\CodeIgniter->runController(Object(App\Controllers\ReservacionesController))
#10 C:\xampp\htdocs\rep_hotel\Repositorio-Hotel\system\CodeIgniter.php(355): CodeIgniter\CodeIgniter->handleRequest(NULL, Object(Config\Cache), false)
#11 C:\xampp\htdocs\rep_hotel\Repositorio-Hotel\system\Boot.php(325): CodeIgniter\CodeIgniter->run()
#12 C:\xampp\htdocs\rep_hotel\Repositorio-Hotel\system\Boot.php(67): CodeIgniter\Boot::runCodeIgniter(Object(CodeIgniter\CodeIgniter))
#13 C:\xampp\htdocs\rep_hotel\Repositorio-Hotel\public\index.php(56): CodeIgniter\Boot::bootWeb(Object(Config\Paths))
#14 {main}
CRITICAL - 2024-07-26 00:12:46 --> CodeIgniter\Database\Exceptions\DatabaseException: Cannot add or update a child row: a foreign key constraint fails (`bd_hotel`.`reservaciones`, CONSTRAINT `reservaciones_ibfk_4` FOREIGN KEY (`usuario_id`) REFERENCES `usuarios` (`usuario_id`) ON DELETE CASCADE ON UPDATE CASCADE)
[Method: POST, Route: modificar_hoteles]
in SYSTEMPATH\Database\BaseConnection.php on line 688.
 1 SYSTEMPATH\Database\BaseBuilder.php(2508): CodeIgniter\Database\BaseConnection->query('UPDATE `reservaciones` SET `reservacion_id` = :reservacion_id:, `fecha` = :fecha:, `cliente_id` = :cliente_id:, `hotel_id` = :hotel_id:, `descripcion` = :descripcion:, `usuario_id` = :usuario_id:
WHERE `reservaciones`.`reservacion_id` IN :reservaciones.reservacion_id:', [...], false)
 2 SYSTEMPATH\Model.php(461): CodeIgniter\Database\BaseBuilder->update()
 3 SYSTEMPATH\BaseModel.php(1028): CodeIgniter\Model->doUpdate([...], [...])
 4 SYSTEMPATH\Model.php(865): CodeIgniter\BaseModel->update([...], [...])
 5 APPPATH\Controllers\ReservacionesController.php(43): CodeIgniter\Model->update('9', [...])
 6 SYSTEMPATH\CodeIgniter.php(933): App\Controllers\ReservacionesController->modificarReservaciones()
 7 SYSTEMPATH\CodeIgniter.php(509): CodeIgniter\CodeIgniter->runController(Object(App\Controllers\ReservacionesController))
 8 SYSTEMPATH\CodeIgniter.php(355): CodeIgniter\CodeIgniter->handleRequest(null, Object(Config\Cache), false)
 9 SYSTEMPATH\Boot.php(325): CodeIgniter\CodeIgniter->run()
10 SYSTEMPATH\Boot.php(67): CodeIgniter\Boot::runCodeIgniter(Object(CodeIgniter\CodeIgniter))
11 FCPATH\index.php(56): CodeIgniter\Boot::bootWeb(Object(Config\Paths))
CRITICAL - 2024-07-26 00:12:46 --> [Caused by] CodeIgniter\Database\Exceptions\DatabaseException: Cannot add or update a child row: a foreign key constraint fails (`bd_hotel`.`reservaciones`, CONSTRAINT `reservaciones_ibfk_4` FOREIGN KEY (`usuario_id`) REFERENCES `usuarios` (`usuario_id`) ON DELETE CASCADE ON UPDATE CASCADE)
in SYSTEMPATH\Database\MySQLi\Connection.php on line 317.
 1 SYSTEMPATH\Database\BaseConnection.php(734): CodeIgniter\Database\MySQLi\Connection->execute('UPDATE `reservaciones` SET `reservacion_id` = \'9\', `fecha` = \'2019-03-24\', `cliente_id` = \'6\', `hotel_id` = \'8888\', `descripcion` = \'2 personas\', `usuario_id` = \'999\'
WHERE `reservaciones`.`reservacion_id` IN (\'9\')')
 2 SYSTEMPATH\Database\BaseConnection.php(648): CodeIgniter\Database\BaseConnection->simpleQuery('UPDATE `reservaciones` SET `reservacion_id` = \'9\', `fecha` = \'2019-03-24\', `cliente_id` = \'6\', `hotel_id` = \'8888\', `descripcion` = \'2 personas\', `usuario_id` = \'999\'
WHERE `reservaciones`.`reservacion_id` IN (\'9\')')
 3 SYSTEMPATH\Database\BaseBuilder.php(2508): CodeIgniter\Database\BaseConnection->query('UPDATE `reservaciones` SET `reservacion_id` = :reservacion_id:, `fecha` = :fecha:, `cliente_id` = :cliente_id:, `hotel_id` = :hotel_id:, `descripcion` = :descripcion:, `usuario_id` = :usuario_id:
WHERE `reservaciones`.`reservacion_id` IN :reservaciones.reservacion_id:', [...], false)
 4 SYSTEMPATH\Model.php(461): CodeIgniter\Database\BaseBuilder->update()
 5 SYSTEMPATH\BaseModel.php(1028): CodeIgniter\Model->doUpdate([...], [...])
 6 SYSTEMPATH\Model.php(865): CodeIgniter\BaseModel->update([...], [...])
 7 APPPATH\Controllers\ReservacionesController.php(43): CodeIgniter\Model->update('9', [...])
 8 SYSTEMPATH\CodeIgniter.php(933): App\Controllers\ReservacionesController->modificarReservaciones()
 9 SYSTEMPATH\CodeIgniter.php(509): CodeIgniter\CodeIgniter->runController(Object(App\Controllers\ReservacionesController))
10 SYSTEMPATH\CodeIgniter.php(355): CodeIgniter\CodeIgniter->handleRequest(null, Object(Config\Cache), false)
11 SYSTEMPATH\Boot.php(325): CodeIgniter\CodeIgniter->run()
12 SYSTEMPATH\Boot.php(67): CodeIgniter\Boot::runCodeIgniter(Object(CodeIgniter\CodeIgniter))
13 FCPATH\index.php(56): CodeIgniter\Boot::bootWeb(Object(Config\Paths))
CRITICAL - 2024-07-26 00:12:46 --> [Caused by] mysqli_sql_exception: Cannot add or update a child row: a foreign key constraint fails (`bd_hotel`.`reservaciones`, CONSTRAINT `reservaciones_ibfk_4` FOREIGN KEY (`usuario_id`) REFERENCES `usuarios` (`usuario_id`) ON DELETE CASCADE ON UPDATE CASCADE)
in SYSTEMPATH\Database\MySQLi\Connection.php on line 312.
 1 SYSTEMPATH\Database\MySQLi\Connection.php(312): mysqli->query('UPDATE `reservaciones` SET `reservacion_id` = \'9\', `fecha` = \'2019-03-24\', `cliente_id` = \'6\', `hotel_id` = \'8888\', `descripcion` = \'2 personas\', `usuario_id` = \'999\'
WHERE `reservaciones`.`reservacion_id` IN (\'9\')', 0)
 2 SYSTEMPATH\Database\BaseConnection.php(734): CodeIgniter\Database\MySQLi\Connection->execute('UPDATE `reservaciones` SET `reservacion_id` = \'9\', `fecha` = \'2019-03-24\', `cliente_id` = \'6\', `hotel_id` = \'8888\', `descripcion` = \'2 personas\', `usuario_id` = \'999\'
WHERE `reservaciones`.`reservacion_id` IN (\'9\')')
 3 SYSTEMPATH\Database\BaseConnection.php(648): CodeIgniter\Database\BaseConnection->simpleQuery('UPDATE `reservaciones` SET `reservacion_id` = \'9\', `fecha` = \'2019-03-24\', `cliente_id` = \'6\', `hotel_id` = \'8888\', `descripcion` = \'2 personas\', `usuario_id` = \'999\'
WHERE `reservaciones`.`reservacion_id` IN (\'9\')')
 4 SYSTEMPATH\Database\BaseBuilder.php(2508): CodeIgniter\Database\BaseConnection->query('UPDATE `reservaciones` SET `reservacion_id` = :reservacion_id:, `fecha` = :fecha:, `cliente_id` = :cliente_id:, `hotel_id` = :hotel_id:, `descripcion` = :descripcion:, `usuario_id` = :usuario_id:
WHERE `reservaciones`.`reservacion_id` IN :reservaciones.reservacion_id:', [...], false)
 5 SYSTEMPATH\Model.php(461): CodeIgniter\Database\BaseBuilder->update()
 6 SYSTEMPATH\BaseModel.php(1028): CodeIgniter\Model->doUpdate([...], [...])
 7 SYSTEMPATH\Model.php(865): CodeIgniter\BaseModel->update([...], [...])
 8 APPPATH\Controllers\ReservacionesController.php(43): CodeIgniter\Model->update('9', [...])
 9 SYSTEMPATH\CodeIgniter.php(933): App\Controllers\ReservacionesController->modificarReservaciones()
10 SYSTEMPATH\CodeIgniter.php(509): CodeIgniter\CodeIgniter->runController(Object(App\Controllers\ReservacionesController))
11 SYSTEMPATH\CodeIgniter.php(355): CodeIgniter\CodeIgniter->handleRequest(null, Object(Config\Cache), false)
12 SYSTEMPATH\Boot.php(325): CodeIgniter\CodeIgniter->run()
13 SYSTEMPATH\Boot.php(67): CodeIgniter\Boot::runCodeIgniter(Object(CodeIgniter\CodeIgniter))
14 FCPATH\index.php(56): CodeIgniter\Boot::bootWeb(Object(Config\Paths))
ERROR - 2024-07-26 00:16:24 --> mysqli_sql_exception: Cannot add or update a child row: a foreign key constraint fails (`bd_hotel`.`reservaciones`, CONSTRAINT `reservaciones_ibfk_2` FOREIGN KEY (`usuario_id`) REFERENCES `usuarios` (`usuario_id`)) in C:\xampp\htdocs\rep_hotel\Repositorio-Hotel\system\Database\MySQLi\Connection.php:312
Stack trace:
#0 C:\xampp\htdocs\rep_hotel\Repositorio-Hotel\system\Database\MySQLi\Connection.php(312): mysqli->query('UPDATE `reserva...', 0)
#1 C:\xampp\htdocs\rep_hotel\Repositorio-Hotel\system\Database\BaseConnection.php(734): CodeIgniter\Database\MySQLi\Connection->execute('UPDATE `reserva...')
#2 C:\xampp\htdocs\rep_hotel\Repositorio-Hotel\system\Database\BaseConnection.php(648): CodeIgniter\Database\BaseConnection->simpleQuery('UPDATE `reserva...')
#3 C:\xampp\htdocs\rep_hotel\Repositorio-Hotel\system\Database\BaseBuilder.php(2508): CodeIgniter\Database\BaseConnection->query('UPDATE `reserva...', Array, false)
#4 C:\xampp\htdocs\rep_hotel\Repositorio-Hotel\system\Model.php(461): CodeIgniter\Database\BaseBuilder->update()
#5 C:\xampp\htdocs\rep_hotel\Repositorio-Hotel\system\BaseModel.php(1028): CodeIgniter\Model->doUpdate(Array, Array)
#6 C:\xampp\htdocs\rep_hotel\Repositorio-Hotel\system\Model.php(865): CodeIgniter\BaseModel->update(Array, Array)
#7 C:\xampp\htdocs\rep_hotel\Repositorio-Hotel\app\Controllers\ReservacionesController.php(43): CodeIgniter\Model->update('9', Array)
#8 C:\xampp\htdocs\rep_hotel\Repositorio-Hotel\system\CodeIgniter.php(933): App\Controllers\ReservacionesController->modificarReservaciones()
#9 C:\xampp\htdocs\rep_hotel\Repositorio-Hotel\system\CodeIgniter.php(509): CodeIgniter\CodeIgniter->runController(Object(App\Controllers\ReservacionesController))
#10 C:\xampp\htdocs\rep_hotel\Repositorio-Hotel\system\CodeIgniter.php(355): CodeIgniter\CodeIgniter->handleRequest(NULL, Object(Config\Cache), false)
#11 C:\xampp\htdocs\rep_hotel\Repositorio-Hotel\system\Boot.php(325): CodeIgniter\CodeIgniter->run()
#12 C:\xampp\htdocs\rep_hotel\Repositorio-Hotel\system\Boot.php(67): CodeIgniter\Boot::runCodeIgniter(Object(CodeIgniter\CodeIgniter))
#13 C:\xampp\htdocs\rep_hotel\Repositorio-Hotel\public\index.php(56): CodeIgniter\Boot::bootWeb(Object(Config\Paths))
#14 {main}
CRITICAL - 2024-07-26 00:16:24 --> CodeIgniter\Database\Exceptions\DatabaseException: Cannot add or update a child row: a foreign key constraint fails (`bd_hotel`.`reservaciones`, CONSTRAINT `reservaciones_ibfk_2` FOREIGN KEY (`usuario_id`) REFERENCES `usuarios` (`usuario_id`))
[Method: POST, Route: modificar_hoteles]
in SYSTEMPATH\Database\BaseConnection.php on line 688.
 1 SYSTEMPATH\Database\BaseBuilder.php(2508): CodeIgniter\Database\BaseConnection->query('UPDATE `reservaciones` SET `reservacion_id` = :reservacion_id:, `fecha` = :fecha:, `cliente_id` = :cliente_id:, `hotel_id` = :hotel_id:, `descripcion` = :descripcion:, `usuario_id` = :usuario_id:
WHERE `reservaciones`.`reservacion_id` IN :reservaciones.reservacion_id:', [...], false)
 2 SYSTEMPATH\Model.php(461): CodeIgniter\Database\BaseBuilder->update()
 3 SYSTEMPATH\BaseModel.php(1028): CodeIgniter\Model->doUpdate([...], [...])
 4 SYSTEMPATH\Model.php(865): CodeIgniter\BaseModel->update([...], [...])
 5 APPPATH\Controllers\ReservacionesController.php(43): CodeIgniter\Model->update('9', [...])
 6 SYSTEMPATH\CodeIgniter.php(933): App\Controllers\ReservacionesController->modificarReservaciones()
 7 SYSTEMPATH\CodeIgniter.php(509): CodeIgniter\CodeIgniter->runController(Object(App\Controllers\ReservacionesController))
 8 SYSTEMPATH\CodeIgniter.php(355): CodeIgniter\CodeIgniter->handleRequest(null, Object(Config\Cache), false)
 9 SYSTEMPATH\Boot.php(325): CodeIgniter\CodeIgniter->run()
10 SYSTEMPATH\Boot.php(67): CodeIgniter\Boot::runCodeIgniter(Object(CodeIgniter\CodeIgniter))
11 FCPATH\index.php(56): CodeIgniter\Boot::bootWeb(Object(Config\Paths))
CRITICAL - 2024-07-26 00:16:24 --> [Caused by] CodeIgniter\Database\Exceptions\DatabaseException: Cannot add or update a child row: a foreign key constraint fails (`bd_hotel`.`reservaciones`, CONSTRAINT `reservaciones_ibfk_2` FOREIGN KEY (`usuario_id`) REFERENCES `usuarios` (`usuario_id`))
in SYSTEMPATH\Database\MySQLi\Connection.php on line 317.
 1 SYSTEMPATH\Database\BaseConnection.php(734): CodeIgniter\Database\MySQLi\Connection->execute('UPDATE `reservaciones` SET `reservacion_id` = \'9\', `fecha` = \'2019-03-24\', `cliente_id` = \'6\', `hotel_id` = \'8888\', `descripcion` = \'2 personas\', `usuario_id` = \'999\'
WHERE `reservaciones`.`reservacion_id` IN (\'9\')')
 2 SYSTEMPATH\Database\BaseConnection.php(648): CodeIgniter\Database\BaseConnection->simpleQuery('UPDATE `reservaciones` SET `reservacion_id` = \'9\', `fecha` = \'2019-03-24\', `cliente_id` = \'6\', `hotel_id` = \'8888\', `descripcion` = \'2 personas\', `usuario_id` = \'999\'
WHERE `reservaciones`.`reservacion_id` IN (\'9\')')
 3 SYSTEMPATH\Database\BaseBuilder.php(2508): CodeIgniter\Database\BaseConnection->query('UPDATE `reservaciones` SET `reservacion_id` = :reservacion_id:, `fecha` = :fecha:, `cliente_id` = :cliente_id:, `hotel_id` = :hotel_id:, `descripcion` = :descripcion:, `usuario_id` = :usuario_id:
WHERE `reservaciones`.`reservacion_id` IN :reservaciones.reservacion_id:', [...], false)
 4 SYSTEMPATH\Model.php(461): CodeIgniter\Database\BaseBuilder->update()
 5 SYSTEMPATH\BaseModel.php(1028): CodeIgniter\Model->doUpdate([...], [...])
 6 SYSTEMPATH\Model.php(865): CodeIgniter\BaseModel->update([...], [...])
 7 APPPATH\Controllers\ReservacionesController.php(43): CodeIgniter\Model->update('9', [...])
 8 SYSTEMPATH\CodeIgniter.php(933): App\Controllers\ReservacionesController->modificarReservaciones()
 9 SYSTEMPATH\CodeIgniter.php(509): CodeIgniter\CodeIgniter->runController(Object(App\Controllers\ReservacionesController))
10 SYSTEMPATH\CodeIgniter.php(355): CodeIgniter\CodeIgniter->handleRequest(null, Object(Config\Cache), false)
11 SYSTEMPATH\Boot.php(325): CodeIgniter\CodeIgniter->run()
12 SYSTEMPATH\Boot.php(67): CodeIgniter\Boot::runCodeIgniter(Object(CodeIgniter\CodeIgniter))
13 FCPATH\index.php(56): CodeIgniter\Boot::bootWeb(Object(Config\Paths))
CRITICAL - 2024-07-26 00:16:24 --> [Caused by] mysqli_sql_exception: Cannot add or update a child row: a foreign key constraint fails (`bd_hotel`.`reservaciones`, CONSTRAINT `reservaciones_ibfk_2` FOREIGN KEY (`usuario_id`) REFERENCES `usuarios` (`usuario_id`))
in SYSTEMPATH\Database\MySQLi\Connection.php on line 312.
 1 SYSTEMPATH\Database\MySQLi\Connection.php(312): mysqli->query('UPDATE `reservaciones` SET `reservacion_id` = \'9\', `fecha` = \'2019-03-24\', `cliente_id` = \'6\', `hotel_id` = \'8888\', `descripcion` = \'2 personas\', `usuario_id` = \'999\'
WHERE `reservaciones`.`reservacion_id` IN (\'9\')', 0)
 2 SYSTEMPATH\Database\BaseConnection.php(734): CodeIgniter\Database\MySQLi\Connection->execute('UPDATE `reservaciones` SET `reservacion_id` = \'9\', `fecha` = \'2019-03-24\', `cliente_id` = \'6\', `hotel_id` = \'8888\', `descripcion` = \'2 personas\', `usuario_id` = \'999\'
WHERE `reservaciones`.`reservacion_id` IN (\'9\')')
 3 SYSTEMPATH\Database\BaseConnection.php(648): CodeIgniter\Database\BaseConnection->simpleQuery('UPDATE `reservaciones` SET `reservacion_id` = \'9\', `fecha` = \'2019-03-24\', `cliente_id` = \'6\', `hotel_id` = \'8888\', `descripcion` = \'2 personas\', `usuario_id` = \'999\'
WHERE `reservaciones`.`reservacion_id` IN (\'9\')')
 4 SYSTEMPATH\Database\BaseBuilder.php(2508): CodeIgniter\Database\BaseConnection->query('UPDATE `reservaciones` SET `reservacion_id` = :reservacion_id:, `fecha` = :fecha:, `cliente_id` = :cliente_id:, `hotel_id` = :hotel_id:, `descripcion` = :descripcion:, `usuario_id` = :usuario_id:
WHERE `reservaciones`.`reservacion_id` IN :reservaciones.reservacion_id:', [...], false)
 5 SYSTEMPATH\Model.php(461): CodeIgniter\Database\BaseBuilder->update()
 6 SYSTEMPATH\BaseModel.php(1028): CodeIgniter\Model->doUpdate([...], [...])
 7 SYSTEMPATH\Model.php(865): CodeIgniter\BaseModel->update([...], [...])
 8 APPPATH\Controllers\ReservacionesController.php(43): CodeIgniter\Model->update('9', [...])
 9 SYSTEMPATH\CodeIgniter.php(933): App\Controllers\ReservacionesController->modificarReservaciones()
10 SYSTEMPATH\CodeIgniter.php(509): CodeIgniter\CodeIgniter->runController(Object(App\Controllers\ReservacionesController))
11 SYSTEMPATH\CodeIgniter.php(355): CodeIgniter\CodeIgniter->handleRequest(null, Object(Config\Cache), false)
12 SYSTEMPATH\Boot.php(325): CodeIgniter\CodeIgniter->run()
13 SYSTEMPATH\Boot.php(67): CodeIgniter\Boot::runCodeIgniter(Object(CodeIgniter\CodeIgniter))
14 FCPATH\index.php(56): CodeIgniter\Boot::bootWeb(Object(Config\Paths))
ERROR - 2024-07-26 00:17:27 --> mysqli_sql_exception: Foreign key constraint for table 'reservaciones', record '9' would lead to a duplicate entry in table 'clientes', key 'PRIMARY' in C:\xampp\htdocs\rep_hotel\Repositorio-Hotel\system\Database\MySQLi\Connection.php:312
Stack trace:
#0 C:\xampp\htdocs\rep_hotel\Repositorio-Hotel\system\Database\MySQLi\Connection.php(312): mysqli->query('UPDATE `reserva...', 0)
#1 C:\xampp\htdocs\rep_hotel\Repositorio-Hotel\system\Database\BaseConnection.php(734): CodeIgniter\Database\MySQLi\Connection->execute('UPDATE `reserva...')
#2 C:\xampp\htdocs\rep_hotel\Repositorio-Hotel\system\Database\BaseConnection.php(648): CodeIgniter\Database\BaseConnection->simpleQuery('UPDATE `reserva...')
#3 C:\xampp\htdocs\rep_hotel\Repositorio-Hotel\system\Database\BaseBuilder.php(2508): CodeIgniter\Database\BaseConnection->query('UPDATE `reserva...', Array, false)
#4 C:\xampp\htdocs\rep_hotel\Repositorio-Hotel\system\Model.php(461): CodeIgniter\Database\BaseBuilder->update()
#5 C:\xampp\htdocs\rep_hotel\Repositorio-Hotel\system\BaseModel.php(1028): CodeIgniter\Model->doUpdate(Array, Array)
#6 C:\xampp\htdocs\rep_hotel\Repositorio-Hotel\system\Model.php(865): CodeIgniter\BaseModel->update(Array, Array)
#7 C:\xampp\htdocs\rep_hotel\Repositorio-Hotel\app\Controllers\ReservacionesController.php(43): CodeIgniter\Model->update('9', Array)
#8 C:\xampp\htdocs\rep_hotel\Repositorio-Hotel\system\CodeIgniter.php(933): App\Controllers\ReservacionesController->modificarReservaciones()
#9 C:\xampp\htdocs\rep_hotel\Repositorio-Hotel\system\CodeIgniter.php(509): CodeIgniter\CodeIgniter->runController(Object(App\Controllers\ReservacionesController))
#10 C:\xampp\htdocs\rep_hotel\Repositorio-Hotel\system\CodeIgniter.php(355): CodeIgniter\CodeIgniter->handleRequest(NULL, Object(Config\Cache), false)
#11 C:\xampp\htdocs\rep_hotel\Repositorio-Hotel\system\Boot.php(325): CodeIgniter\CodeIgniter->run()
#12 C:\xampp\htdocs\rep_hotel\Repositorio-Hotel\system\Boot.php(67): CodeIgniter\Boot::runCodeIgniter(Object(CodeIgniter\CodeIgniter))
#13 C:\xampp\htdocs\rep_hotel\Repositorio-Hotel\public\index.php(56): CodeIgniter\Boot::bootWeb(Object(Config\Paths))
#14 {main}
CRITICAL - 2024-07-26 00:17:27 --> CodeIgniter\Database\Exceptions\DatabaseException: Foreign key constraint for table 'reservaciones', record '9' would lead to a duplicate entry in table 'clientes', key 'PRIMARY'
[Method: POST, Route: modificar_hoteles]
in SYSTEMPATH\Database\BaseConnection.php on line 688.
 1 SYSTEMPATH\Database\BaseBuilder.php(2508): CodeIgniter\Database\BaseConnection->query('UPDATE `reservaciones` SET `reservacion_id` = :reservacion_id:, `fecha` = :fecha:, `cliente_id` = :cliente_id:, `hotel_id` = :hotel_id:, `descripcion` = :descripcion:, `usuario_id` = :usuario_id:
WHERE `reservaciones`.`reservacion_id` IN :reservaciones.reservacion_id:', [...], false)
 2 SYSTEMPATH\Model.php(461): CodeIgniter\Database\BaseBuilder->update()
 3 SYSTEMPATH\BaseModel.php(1028): CodeIgniter\Model->doUpdate([...], [...])
 4 SYSTEMPATH\Model.php(865): CodeIgniter\BaseModel->update([...], [...])
 5 APPPATH\Controllers\ReservacionesController.php(43): CodeIgniter\Model->update('9', [...])
 6 SYSTEMPATH\CodeIgniter.php(933): App\Controllers\ReservacionesController->modificarReservaciones()
 7 SYSTEMPATH\CodeIgniter.php(509): CodeIgniter\CodeIgniter->runController(Object(App\Controllers\ReservacionesController))
 8 SYSTEMPATH\CodeIgniter.php(355): CodeIgniter\CodeIgniter->handleRequest(null, Object(Config\Cache), false)
 9 SYSTEMPATH\Boot.php(325): CodeIgniter\CodeIgniter->run()
10 SYSTEMPATH\Boot.php(67): CodeIgniter\Boot::runCodeIgniter(Object(CodeIgniter\CodeIgniter))
11 FCPATH\index.php(56): CodeIgniter\Boot::bootWeb(Object(Config\Paths))
CRITICAL - 2024-07-26 00:17:27 --> [Caused by] CodeIgniter\Database\Exceptions\DatabaseException: Foreign key constraint for table 'reservaciones', record '9' would lead to a duplicate entry in table 'clientes', key 'PRIMARY'
in SYSTEMPATH\Database\MySQLi\Connection.php on line 317.
 1 SYSTEMPATH\Database\BaseConnection.php(734): CodeIgniter\Database\MySQLi\Connection->execute('UPDATE `reservaciones` SET `reservacion_id` = \'9\', `fecha` = \'2019-03-24\', `cliente_id` = \'6\', `hotel_id` = \'8888\', `descripcion` = \'2 personas\', `usuario_id` = \'999\'
WHERE `reservaciones`.`reservacion_id` IN (\'9\')')
 2 SYSTEMPATH\Database\BaseConnection.php(648): CodeIgniter\Database\BaseConnection->simpleQuery('UPDATE `reservaciones` SET `reservacion_id` = \'9\', `fecha` = \'2019-03-24\', `cliente_id` = \'6\', `hotel_id` = \'8888\', `descripcion` = \'2 personas\', `usuario_id` = \'999\'
WHERE `reservaciones`.`reservacion_id` IN (\'9\')')
 3 SYSTEMPATH\Database\BaseBuilder.php(2508): CodeIgniter\Database\BaseConnection->query('UPDATE `reservaciones` SET `reservacion_id` = :reservacion_id:, `fecha` = :fecha:, `cliente_id` = :cliente_id:, `hotel_id` = :hotel_id:, `descripcion` = :descripcion:, `usuario_id` = :usuario_id:
WHERE `reservaciones`.`reservacion_id` IN :reservaciones.reservacion_id:', [...], false)
 4 SYSTEMPATH\Model.php(461): CodeIgniter\Database\BaseBuilder->update()
 5 SYSTEMPATH\BaseModel.php(1028): CodeIgniter\Model->doUpdate([...], [...])
 6 SYSTEMPATH\Model.php(865): CodeIgniter\BaseModel->update([...], [...])
 7 APPPATH\Controllers\ReservacionesController.php(43): CodeIgniter\Model->update('9', [...])
 8 SYSTEMPATH\CodeIgniter.php(933): App\Controllers\ReservacionesController->modificarReservaciones()
 9 SYSTEMPATH\CodeIgniter.php(509): CodeIgniter\CodeIgniter->runController(Object(App\Controllers\ReservacionesController))
10 SYSTEMPATH\CodeIgniter.php(355): CodeIgniter\CodeIgniter->handleRequest(null, Object(Config\Cache), false)
11 SYSTEMPATH\Boot.php(325): CodeIgniter\CodeIgniter->run()
12 SYSTEMPATH\Boot.php(67): CodeIgniter\Boot::runCodeIgniter(Object(CodeIgniter\CodeIgniter))
13 FCPATH\index.php(56): CodeIgniter\Boot::bootWeb(Object(Config\Paths))
CRITICAL - 2024-07-26 00:17:27 --> [Caused by] mysqli_sql_exception: Foreign key constraint for table 'reservaciones', record '9' would lead to a duplicate entry in table 'clientes', key 'PRIMARY'
in SYSTEMPATH\Database\MySQLi\Connection.php on line 312.
 1 SYSTEMPATH\Database\MySQLi\Connection.php(312): mysqli->query('UPDATE `reservaciones` SET `reservacion_id` = \'9\', `fecha` = \'2019-03-24\', `cliente_id` = \'6\', `hotel_id` = \'8888\', `descripcion` = \'2 personas\', `usuario_id` = \'999\'
WHERE `reservaciones`.`reservacion_id` IN (\'9\')', 0)
 2 SYSTEMPATH\Database\BaseConnection.php(734): CodeIgniter\Database\MySQLi\Connection->execute('UPDATE `reservaciones` SET `reservacion_id` = \'9\', `fecha` = \'2019-03-24\', `cliente_id` = \'6\', `hotel_id` = \'8888\', `descripcion` = \'2 personas\', `usuario_id` = \'999\'
WHERE `reservaciones`.`reservacion_id` IN (\'9\')')
 3 SYSTEMPATH\Database\BaseConnection.php(648): CodeIgniter\Database\BaseConnection->simpleQuery('UPDATE `reservaciones` SET `reservacion_id` = \'9\', `fecha` = \'2019-03-24\', `cliente_id` = \'6\', `hotel_id` = \'8888\', `descripcion` = \'2 personas\', `usuario_id` = \'999\'
WHERE `reservaciones`.`reservacion_id` IN (\'9\')')
 4 SYSTEMPATH\Database\BaseBuilder.php(2508): CodeIgniter\Database\BaseConnection->query('UPDATE `reservaciones` SET `reservacion_id` = :reservacion_id:, `fecha` = :fecha:, `cliente_id` = :cliente_id:, `hotel_id` = :hotel_id:, `descripcion` = :descripcion:, `usuario_id` = :usuario_id:
WHERE `reservaciones`.`reservacion_id` IN :reservaciones.reservacion_id:', [...], false)
 5 SYSTEMPATH\Model.php(461): CodeIgniter\Database\BaseBuilder->update()
 6 SYSTEMPATH\BaseModel.php(1028): CodeIgniter\Model->doUpdate([...], [...])
 7 SYSTEMPATH\Model.php(865): CodeIgniter\BaseModel->update([...], [...])
 8 APPPATH\Controllers\ReservacionesController.php(43): CodeIgniter\Model->update('9', [...])
 9 SYSTEMPATH\CodeIgniter.php(933): App\Controllers\ReservacionesController->modificarReservaciones()
10 SYSTEMPATH\CodeIgniter.php(509): CodeIgniter\CodeIgniter->runController(Object(App\Controllers\ReservacionesController))
11 SYSTEMPATH\CodeIgniter.php(355): CodeIgniter\CodeIgniter->handleRequest(null, Object(Config\Cache), false)
12 SYSTEMPATH\Boot.php(325): CodeIgniter\CodeIgniter->run()
13 SYSTEMPATH\Boot.php(67): CodeIgniter\Boot::runCodeIgniter(Object(CodeIgniter\CodeIgniter))
14 FCPATH\index.php(56): CodeIgniter\Boot::bootWeb(Object(Config\Paths))
ERROR - 2024-07-26 00:19:26 --> mysqli_sql_exception: Cannot add or update a child row: a foreign key constraint fails (`bd_hotel`.`reservaciones`, CONSTRAINT `reservaciones_ibfk_3` FOREIGN KEY (`cliente_id`) REFERENCES `clientes` (`cliente_id`) ON DELETE CASCADE ON UPDATE CASCADE) in C:\xampp\htdocs\rep_hotel\Repositorio-Hotel\system\Database\MySQLi\Connection.php:312
Stack trace:
#0 C:\xampp\htdocs\rep_hotel\Repositorio-Hotel\system\Database\MySQLi\Connection.php(312): mysqli->query('UPDATE `reserva...', 0)
#1 C:\xampp\htdocs\rep_hotel\Repositorio-Hotel\system\Database\BaseConnection.php(734): CodeIgniter\Database\MySQLi\Connection->execute('UPDATE `reserva...')
#2 C:\xampp\htdocs\rep_hotel\Repositorio-Hotel\system\Database\BaseConnection.php(648): CodeIgniter\Database\BaseConnection->simpleQuery('UPDATE `reserva...')
#3 C:\xampp\htdocs\rep_hotel\Repositorio-Hotel\system\Database\BaseBuilder.php(2508): CodeIgniter\Database\BaseConnection->query('UPDATE `reserva...', Array, false)
#4 C:\xampp\htdocs\rep_hotel\Repositorio-Hotel\system\Model.php(461): CodeIgniter\Database\BaseBuilder->update()
#5 C:\xampp\htdocs\rep_hotel\Repositorio-Hotel\system\BaseModel.php(1028): CodeIgniter\Model->doUpdate(Array, Array)
#6 C:\xampp\htdocs\rep_hotel\Repositorio-Hotel\system\Model.php(865): CodeIgniter\BaseModel->update(Array, Array)
#7 C:\xampp\htdocs\rep_hotel\Repositorio-Hotel\app\Controllers\ReservacionesController.php(43): CodeIgniter\Model->update('9', Array)
#8 C:\xampp\htdocs\rep_hotel\Repositorio-Hotel\system\CodeIgniter.php(933): App\Controllers\ReservacionesController->modificarReservaciones()
#9 C:\xampp\htdocs\rep_hotel\Repositorio-Hotel\system\CodeIgniter.php(509): CodeIgniter\CodeIgniter->runController(Object(App\Controllers\ReservacionesController))
#10 C:\xampp\htdocs\rep_hotel\Repositorio-Hotel\system\CodeIgniter.php(355): CodeIgniter\CodeIgniter->handleRequest(NULL, Object(Config\Cache), false)
#11 C:\xampp\htdocs\rep_hotel\Repositorio-Hotel\system\Boot.php(325): CodeIgniter\CodeIgniter->run()
#12 C:\xampp\htdocs\rep_hotel\Repositorio-Hotel\system\Boot.php(67): CodeIgniter\Boot::runCodeIgniter(Object(CodeIgniter\CodeIgniter))
#13 C:\xampp\htdocs\rep_hotel\Repositorio-Hotel\public\index.php(56): CodeIgniter\Boot::bootWeb(Object(Config\Paths))
#14 {main}
CRITICAL - 2024-07-26 00:19:26 --> CodeIgniter\Database\Exceptions\DatabaseException: Cannot add or update a child row: a foreign key constraint fails (`bd_hotel`.`reservaciones`, CONSTRAINT `reservaciones_ibfk_3` FOREIGN KEY (`cliente_id`) REFERENCES `clientes` (`cliente_id`) ON DELETE CASCADE ON UPDATE CASCADE)
[Method: POST, Route: modificar_hoteles]
in SYSTEMPATH\Database\BaseConnection.php on line 688.
 1 SYSTEMPATH\Database\BaseBuilder.php(2508): CodeIgniter\Database\BaseConnection->query('UPDATE `reservaciones` SET `reservacion_id` = :reservacion_id:, `fecha` = :fecha:, `cliente_id` = :cliente_id:, `hotel_id` = :hotel_id:, `descripcion` = :descripcion:, `usuario_id` = :usuario_id:
WHERE `reservaciones`.`reservacion_id` IN :reservaciones.reservacion_id:', [...], false)
 2 SYSTEMPATH\Model.php(461): CodeIgniter\Database\BaseBuilder->update()
 3 SYSTEMPATH\BaseModel.php(1028): CodeIgniter\Model->doUpdate([...], [...])
 4 SYSTEMPATH\Model.php(865): CodeIgniter\BaseModel->update([...], [...])
 5 APPPATH\Controllers\ReservacionesController.php(43): CodeIgniter\Model->update('9', [...])
 6 SYSTEMPATH\CodeIgniter.php(933): App\Controllers\ReservacionesController->modificarReservaciones()
 7 SYSTEMPATH\CodeIgniter.php(509): CodeIgniter\CodeIgniter->runController(Object(App\Controllers\ReservacionesController))
 8 SYSTEMPATH\CodeIgniter.php(355): CodeIgniter\CodeIgniter->handleRequest(null, Object(Config\Cache), false)
 9 SYSTEMPATH\Boot.php(325): CodeIgniter\CodeIgniter->run()
10 SYSTEMPATH\Boot.php(67): CodeIgniter\Boot::runCodeIgniter(Object(CodeIgniter\CodeIgniter))
11 FCPATH\index.php(56): CodeIgniter\Boot::bootWeb(Object(Config\Paths))
CRITICAL - 2024-07-26 00:19:26 --> [Caused by] CodeIgniter\Database\Exceptions\DatabaseException: Cannot add or update a child row: a foreign key constraint fails (`bd_hotel`.`reservaciones`, CONSTRAINT `reservaciones_ibfk_3` FOREIGN KEY (`cliente_id`) REFERENCES `clientes` (`cliente_id`) ON DELETE CASCADE ON UPDATE CASCADE)
in SYSTEMPATH\Database\MySQLi\Connection.php on line 317.
 1 SYSTEMPATH\Database\BaseConnection.php(734): CodeIgniter\Database\MySQLi\Connection->execute('UPDATE `reservaciones` SET `reservacion_id` = \'9\', `fecha` = \'3\', `cliente_id` = \'\', `hotel_id` = \'\', `descripcion` = \'\', `usuario_id` = \'\'
WHERE `reservaciones`.`reservacion_id` IN (\'9\')')
 2 SYSTEMPATH\Database\BaseConnection.php(648): CodeIgniter\Database\BaseConnection->simpleQuery('UPDATE `reservaciones` SET `reservacion_id` = \'9\', `fecha` = \'3\', `cliente_id` = \'\', `hotel_id` = \'\', `descripcion` = \'\', `usuario_id` = \'\'
WHERE `reservaciones`.`reservacion_id` IN (\'9\')')
 3 SYSTEMPATH\Database\BaseBuilder.php(2508): CodeIgniter\Database\BaseConnection->query('UPDATE `reservaciones` SET `reservacion_id` = :reservacion_id:, `fecha` = :fecha:, `cliente_id` = :cliente_id:, `hotel_id` = :hotel_id:, `descripcion` = :descripcion:, `usuario_id` = :usuario_id:
WHERE `reservaciones`.`reservacion_id` IN :reservaciones.reservacion_id:', [...], false)
 4 SYSTEMPATH\Model.php(461): CodeIgniter\Database\BaseBuilder->update()
 5 SYSTEMPATH\BaseModel.php(1028): CodeIgniter\Model->doUpdate([...], [...])
 6 SYSTEMPATH\Model.php(865): CodeIgniter\BaseModel->update([...], [...])
 7 APPPATH\Controllers\ReservacionesController.php(43): CodeIgniter\Model->update('9', [...])
 8 SYSTEMPATH\CodeIgniter.php(933): App\Controllers\ReservacionesController->modificarReservaciones()
 9 SYSTEMPATH\CodeIgniter.php(509): CodeIgniter\CodeIgniter->runController(Object(App\Controllers\ReservacionesController))
10 SYSTEMPATH\CodeIgniter.php(355): CodeIgniter\CodeIgniter->handleRequest(null, Object(Config\Cache), false)
11 SYSTEMPATH\Boot.php(325): CodeIgniter\CodeIgniter->run()
12 SYSTEMPATH\Boot.php(67): CodeIgniter\Boot::runCodeIgniter(Object(CodeIgniter\CodeIgniter))
13 FCPATH\index.php(56): CodeIgniter\Boot::bootWeb(Object(Config\Paths))
CRITICAL - 2024-07-26 00:19:26 --> [Caused by] mysqli_sql_exception: Cannot add or update a child row: a foreign key constraint fails (`bd_hotel`.`reservaciones`, CONSTRAINT `reservaciones_ibfk_3` FOREIGN KEY (`cliente_id`) REFERENCES `clientes` (`cliente_id`) ON DELETE CASCADE ON UPDATE CASCADE)
in SYSTEMPATH\Database\MySQLi\Connection.php on line 312.
 1 SYSTEMPATH\Database\MySQLi\Connection.php(312): mysqli->query('UPDATE `reservaciones` SET `reservacion_id` = \'9\', `fecha` = \'3\', `cliente_id` = \'\', `hotel_id` = \'\', `descripcion` = \'\', `usuario_id` = \'\'
WHERE `reservaciones`.`reservacion_id` IN (\'9\')', 0)
 2 SYSTEMPATH\Database\BaseConnection.php(734): CodeIgniter\Database\MySQLi\Connection->execute('UPDATE `reservaciones` SET `reservacion_id` = \'9\', `fecha` = \'3\', `cliente_id` = \'\', `hotel_id` = \'\', `descripcion` = \'\', `usuario_id` = \'\'
WHERE `reservaciones`.`reservacion_id` IN (\'9\')')
 3 SYSTEMPATH\Database\BaseConnection.php(648): CodeIgniter\Database\BaseConnection->simpleQuery('UPDATE `reservaciones` SET `reservacion_id` = \'9\', `fecha` = \'3\', `cliente_id` = \'\', `hotel_id` = \'\', `descripcion` = \'\', `usuario_id` = \'\'
WHERE `reservaciones`.`reservacion_id` IN (\'9\')')
 4 SYSTEMPATH\Database\BaseBuilder.php(2508): CodeIgniter\Database\BaseConnection->query('UPDATE `reservaciones` SET `reservacion_id` = :reservacion_id:, `fecha` = :fecha:, `cliente_id` = :cliente_id:, `hotel_id` = :hotel_id:, `descripcion` = :descripcion:, `usuario_id` = :usuario_id:
WHERE `reservaciones`.`reservacion_id` IN :reservaciones.reservacion_id:', [...], false)
 5 SYSTEMPATH\Model.php(461): CodeIgniter\Database\BaseBuilder->update()
 6 SYSTEMPATH\BaseModel.php(1028): CodeIgniter\Model->doUpdate([...], [...])
 7 SYSTEMPATH\Model.php(865): CodeIgniter\BaseModel->update([...], [...])
 8 APPPATH\Controllers\ReservacionesController.php(43): CodeIgniter\Model->update('9', [...])
 9 SYSTEMPATH\CodeIgniter.php(933): App\Controllers\ReservacionesController->modificarReservaciones()
10 SYSTEMPATH\CodeIgniter.php(509): CodeIgniter\CodeIgniter->runController(Object(App\Controllers\ReservacionesController))
11 SYSTEMPATH\CodeIgniter.php(355): CodeIgniter\CodeIgniter->handleRequest(null, Object(Config\Cache), false)
12 SYSTEMPATH\Boot.php(325): CodeIgniter\CodeIgniter->run()
13 SYSTEMPATH\Boot.php(67): CodeIgniter\Boot::runCodeIgniter(Object(CodeIgniter\CodeIgniter))
14 FCPATH\index.php(56): CodeIgniter\Boot::bootWeb(Object(Config\Paths))
